
> ai-redteam-lab-promptfoo@0.1.0 redteam:baseline
> CI=true promptfoo redteam run -c redteam/promptfooconfig.baseline.yaml

Generating test cases...
Cache is disabled
Synthesizing test cases for 1 prompt...
Using plugins:

ascii-smuggling (3 tests)
bfla (3 tests)
bola (3 tests)
cyberseceval (3 tests)
hijacking (3 tests)
pii:direct (3 tests)
policy (3 tests)The assistant must never: 1. Reveal HR records (name, salary, manager_...
rag-document-exfiltration (3 tests)
rbac (3 tests)

Using strategies:

base64 (27 additional tests)
jailbreak-templates (27 additional tests)
jailbreak:meta (27 additional tests)

Test Generation Summary:
• Total tests: 108
• Plugin tests: 27
• Plugins: 9
• Strategies: 3
• Max concurrency: 4



Test Generation Report:
┌─────┬──────────┬────────────────────────────────────────┬────────────┬────────────┬──────────────┐
│ #   │ Type     │ ID                                     │ Requested  │ Generated  │ Status       │
├─────┼──────────┼────────────────────────────────────────┼────────────┼────────────┼──────────────┤
│ 1   │ Plugin   │ ascii-smuggling                        │ 3          │ 3          │ Success      │
├─────┼──────────┼────────────────────────────────────────┼────────────┼────────────┼──────────────┤
│ 2   │ Plugin   │ bfla                                   │ 3          │ 3          │ Success      │
├─────┼──────────┼────────────────────────────────────────┼────────────┼────────────┼──────────────┤
│ 3   │ Plugin   │ bola                                   │ 3          │ 3          │ Success      │
├─────┼──────────┼────────────────────────────────────────┼────────────┼────────────┼──────────────┤
│ 4   │ Plugin   │ cyberseceval                           │ 3          │ 3          │ Success      │
├─────┼──────────┼────────────────────────────────────────┼────────────┼────────────┼──────────────┤
│ 5   │ Plugin   │ hijacking                              │ 3          │ 3          │ Success      │
├─────┼──────────┼────────────────────────────────────────┼────────────┼────────────┼──────────────┤
│ 6   │ Plugin   │ pii:direct                             │ 3          │ 3          │ Success      │
├─────┼──────────┼────────────────────────────────────────┼────────────┼────────────┼──────────────┤
│ 7   │ Plugin   │ policy [ef64c8aadc87]: The assistant … │ 3          │ 3          │ Success      │
├─────┼──────────┼────────────────────────────────────────┼────────────┼────────────┼──────────────┤
│ 8   │ Plugin   │ rag-document-exfiltration              │ 3          │ 3          │ Success      │
├─────┼──────────┼────────────────────────────────────────┼────────────┼────────────┼──────────────┤
│ 9   │ Plugin   │ rbac                                   │ 3          │ 3          │ Success      │
├─────┼──────────┼────────────────────────────────────────┼────────────┼────────────┼──────────────┤
│ 10  │ Strategy │ base64                                 │ 24         │ 24         │ Success      │
├─────┼──────────┼────────────────────────────────────────┼────────────┼────────────┼──────────────┤
│ 11  │ Strategy │ jailbreak-templates                    │ 24         │ 24         │ Success      │
├─────┼──────────┼────────────────────────────────────────┼────────────┼────────────┼──────────────┤
│ 12  │ Strategy │ jailbreak:meta                         │ 24         │ 24         │ Success      │
└─────┴──────────┴────────────────────────────────────────┴────────────┴────────────┴──────────────┘
========================================================================================================================
Wrote 99 test cases to redteam/redteam.yaml
========================================================================================================================
Running scan...
Starting evaluation eval-tYA-2026-04-09T21:35:45
[Evaluation] Starting 99 test cases...
Running 99 test cases (up to 4 at a time)...
[CI Progress] Evaluation running for 1m 0s - Completed 2/99 tests (2%)
[CI Progress] Rate: ~2 tests/minute, ETA: 49 minutes
[CI Progress] Evaluation running for 1m 30s - Completed 2/99 tests (2%)
[CI Progress] Rate: ~1 tests/minute, ETA: 73 minutes
[CI Progress] Evaluation running for 2m 0s - Completed 5/99 tests (5%)
[CI Progress] Rate: ~2 tests/minute, ETA: 38 minutes
[CI Progress] Evaluation running for 2m 30s - Completed 7/99 tests (7%)
[CI Progress] Rate: ~3 tests/minute, ETA: 33 minutes
[CI Progress] Evaluation running for 3m 0s - Completed 8/99 tests (8%)
[CI Progress] Rate: ~3 tests/minute, ETA: 34 minutes
[CI Progress] Evaluation running for 3m 30s - Completed 8/99 tests (8%)
[CI Progress] Rate: ~2 tests/minute, ETA: 40 minutes
[CI Progress] Evaluation running for 4m 0s - Completed 9/99 tests (9%)
[CI Progress] Rate: ~2 tests/minute, ETA: 40 minutes
[CI Progress] Evaluation running for 4m 30s - Completed 10/99 tests (10%)
[CI Progress] Rate: ~2 tests/minute, ETA: 40 minutes
[CI Progress] Evaluation running for 5m 0s - Completed 10/99 tests (10%)
[CI Progress] Rate: ~2 tests/minute, ETA: 45 minutes
[CI Progress] Evaluation running for 5m 30s - Completed 12/99 tests (12%)
[CI Progress] Rate: ~2 tests/minute, ETA: 40 minutes
[CI Progress] Evaluation running for 6m 0s - Completed 13/99 tests (13%)
[CI Progress] Rate: ~2 tests/minute, ETA: 40 minutes
[CI Progress] Evaluation running for 6m 30s - Completed 18/99 tests (18%)
[CI Progress] Rate: ~3 tests/minute, ETA: 29 minutes
[CI Progress] Evaluation running for 7m 0s - Completed 19/99 tests (19%)
[CI Progress] Rate: ~3 tests/minute, ETA: 29 minutes
[CI Progress] Evaluation running for 7m 30s - Completed 20/99 tests (20%)
[CI Progress] Rate: ~3 tests/minute, ETA: 30 minutes
[CI Progress] Evaluation running for 8m 0s - Completed 20/99 tests (20%)
[CI Progress] Rate: ~2 tests/minute, ETA: 32 minutes
[CI Progress] Evaluation running for 8m 30s - Completed 22/99 tests (22%)
[CI Progress] Rate: ~3 tests/minute, ETA: 30 minutes
[CI Progress] Evaluation running for 9m 0s - Completed 22/99 tests (22%)
[CI Progress] Rate: ~2 tests/minute, ETA: 32 minutes
[CI Progress] Evaluation running for 9m 30s - Completed 22/99 tests (22%)
[CI Progress] Rate: ~2 tests/minute, ETA: 33 minutes
[CI Progress] Evaluation running for 10m 0s - Completed 23/99 tests (23%)
[CI Progress] Rate: ~2 tests/minute, ETA: 33 minutes
[CI Progress] Evaluation running for 10m 30s - Completed 24/99 tests (24%)
[CI Progress] Rate: ~2 tests/minute, ETA: 33 minutes
[Evaluation] ✓ 25% complete (25/99) - 10m 37s elapsed
[CI Progress] Evaluation running for 11m 0s - Completed 26/99 tests (26%)
[CI Progress] Rate: ~2 tests/minute, ETA: 31 minutes
[CI Progress] Evaluation running for 11m 30s - Completed 27/99 tests (27%)
[CI Progress] Rate: ~2 tests/minute, ETA: 31 minutes
[CI Progress] Evaluation running for 12m 0s - Completed 29/99 tests (29%)
[CI Progress] Rate: ~2 tests/minute, ETA: 29 minutes
[CI Progress] Evaluation running for 12m 30s - Completed 31/99 tests (31%)
[CI Progress] Rate: ~2 tests/minute, ETA: 27 minutes
[CI Progress] Evaluation running for 13m 0s - Completed 32/99 tests (32%)
[CI Progress] Rate: ~2 tests/minute, ETA: 27 minutes
[CI Progress] Evaluation running for 13m 30s - Completed 33/99 tests (33%)
[CI Progress] Rate: ~2 tests/minute, ETA: 27 minutes
[CI Progress] Evaluation running for 14m 0s - Completed 33/99 tests (33%)
[CI Progress] Rate: ~2 tests/minute, ETA: 28 minutes
[CI Progress] Evaluation running for 14m 30s - Completed 35/99 tests (35%)
[CI Progress] Rate: ~2 tests/minute, ETA: 27 minutes
[CI Progress] Evaluation running for 15m 0s - Completed 36/99 tests (36%)
[CI Progress] Rate: ~2 tests/minute, ETA: 26 minutes
[CI Progress] Evaluation running for 15m 30s - Completed 37/99 tests (37%)
[CI Progress] Rate: ~2 tests/minute, ETA: 26 minutes
[CI Progress] Evaluation running for 16m 0s - Completed 37/99 tests (37%)
[CI Progress] Rate: ~2 tests/minute, ETA: 27 minutes
[CI Progress] Evaluation running for 16m 30s - Completed 38/99 tests (38%)
[CI Progress] Rate: ~2 tests/minute, ETA: 26 minutes
[CI Progress] Evaluation running for 17m 0s - Completed 40/99 tests (40%)
[CI Progress] Rate: ~2 tests/minute, ETA: 25 minutes
[CI Progress] Evaluation running for 17m 30s - Completed 42/99 tests (42%)
[CI Progress] Rate: ~2 tests/minute, ETA: 24 minutes
[CI Progress] Evaluation running for 18m 0s - Completed 43/99 tests (43%)
[CI Progress] Rate: ~2 tests/minute, ETA: 23 minutes
[CI Progress] Evaluation running for 18m 30s - Completed 43/99 tests (43%)
[CI Progress] Rate: ~2 tests/minute, ETA: 24 minutes
[CI Progress] Evaluation running for 19m 0s - Completed 44/99 tests (44%)
[CI Progress] Rate: ~2 tests/minute, ETA: 24 minutes
[CI Progress] Evaluation running for 19m 30s - Completed 45/99 tests (45%)
[CI Progress] Rate: ~2 tests/minute, ETA: 23 minutes
[CI Progress] Evaluation running for 20m 0s - Completed 47/99 tests (47%)
[CI Progress] Rate: ~2 tests/minute, ETA: 22 minutes
[CI Progress] Evaluation running for 20m 30s - Completed 48/99 tests (48%)
[CI Progress] Rate: ~2 tests/minute, ETA: 22 minutes
[CI Progress] Evaluation running for 21m 0s - Completed 49/99 tests (49%)
[CI Progress] Rate: ~2 tests/minute, ETA: 21 minutes
[Evaluation] ✓ 50% complete (50/99) - 21m 18s elapsed
[CI Progress] Evaluation running for 21m 30s - Completed 50/99 tests (50%)
[CI Progress] Rate: ~2 tests/minute, ETA: 21 minutes
[CI Progress] Evaluation running for 22m 0s - Completed 51/99 tests (51%)
[CI Progress] Rate: ~2 tests/minute, ETA: 21 minutes
[CI Progress] Evaluation running for 22m 30s - Completed 52/99 tests (52%)
[CI Progress] Rate: ~2 tests/minute, ETA: 20 minutes
[CI Progress] Evaluation running for 23m 0s - Completed 53/99 tests (53%)
[CI Progress] Rate: ~2 tests/minute, ETA: 20 minutes
[CI Progress] Evaluation running for 23m 30s - Completed 55/99 tests (55%)
[CI Progress] Rate: ~2 tests/minute, ETA: 19 minutes
[CI Progress] Evaluation running for 24m 0s - Completed 56/99 tests (56%)
[CI Progress] Rate: ~2 tests/minute, ETA: 18 minutes
[CI Progress] Evaluation running for 24m 30s - Completed 57/99 tests (57%)
[CI Progress] Rate: ~2 tests/minute, ETA: 18 minutes
[CI Progress] Evaluation running for 25m 0s - Completed 58/99 tests (58%)
[CI Progress] Rate: ~2 tests/minute, ETA: 18 minutes
[CI Progress] Evaluation running for 25m 30s - Completed 59/99 tests (59%)
[CI Progress] Rate: ~2 tests/minute, ETA: 17 minutes
[CI Progress] Evaluation running for 26m 0s - Completed 59/99 tests (59%)
[CI Progress] Rate: ~2 tests/minute, ETA: 18 minutes
[CI Progress] Evaluation running for 26m 30s - Completed 60/99 tests (60%)
[CI Progress] Rate: ~2 tests/minute, ETA: 17 minutes
[CI Progress] Evaluation running for 27m 0s - Completed 61/99 tests (61%)
[CI Progress] Rate: ~2 tests/minute, ETA: 17 minutes
[CI Progress] Evaluation running for 27m 30s - Completed 62/99 tests (62%)
[CI Progress] Rate: ~2 tests/minute, ETA: 16 minutes
[CI Progress] Evaluation running for 28m 0s - Completed 64/99 tests (64%)
[CI Progress] Rate: ~2 tests/minute, ETA: 15 minutes
[CI Progress] Evaluation running for 28m 30s - Completed 65/99 tests (65%)
[CI Progress] Rate: ~2 tests/minute, ETA: 15 minutes
[CI Progress] Evaluation running for 29m 0s - Completed 66/99 tests (66%)
[CI Progress] Rate: ~2 tests/minute, ETA: 15 minutes
[CI Progress] Evaluation running for 29m 30s - Completed 67/99 tests (67%)
[CI Progress] Rate: ~2 tests/minute, ETA: 14 minutes
[CI Progress] Evaluation running for 30m 0s - Completed 67/99 tests (67%)
[CI Progress] Rate: ~2 tests/minute, ETA: 14 minutes
[CI Progress] Evaluation running for 30m 30s - Completed 68/99 tests (68%)
[CI Progress] Rate: ~2 tests/minute, ETA: 14 minutes
[CI Progress] Evaluation running for 31m 0s - Completed 69/99 tests (69%)
[CI Progress] Rate: ~2 tests/minute, ETA: 13 minutes
[CI Progress] Evaluation running for 31m 30s - Completed 70/99 tests (70%)
[CI Progress] Rate: ~2 tests/minute, ETA: 13 minutes
[CI Progress] Evaluation running for 32m 0s - Completed 70/99 tests (70%)
[CI Progress] Rate: ~2 tests/minute, ETA: 13 minutes
[CI Progress] Evaluation running for 32m 30s - Completed 70/99 tests (70%)
[CI Progress] Rate: ~2 tests/minute, ETA: 13 minutes
[CI Progress] Evaluation running for 33m 0s - Completed 70/99 tests (70%)
[CI Progress] Rate: ~2 tests/minute, ETA: 14 minutes
[CI Progress] Evaluation running for 33m 30s - Completed 71/99 tests (71%)
[CI Progress] Rate: ~2 tests/minute, ETA: 13 minutes
[CI Progress] Evaluation running for 34m 0s - Completed 71/99 tests (71%)
[CI Progress] Rate: ~2 tests/minute, ETA: 13 minutes
[CI Progress] Evaluation running for 34m 30s - Completed 72/99 tests (72%)
[CI Progress] Rate: ~2 tests/minute, ETA: 13 minutes
[CI Progress] Evaluation running for 35m 0s - Completed 72/99 tests (72%)
[CI Progress] Rate: ~2 tests/minute, ETA: 13 minutes
[CI Progress] Evaluation running for 35m 30s - Completed 74/99 tests (74%)
[CI Progress] Rate: ~2 tests/minute, ETA: 12 minutes
[Evaluation] ✓ 75% complete (75/99) - 35m 40s elapsed
[CI Progress] Evaluation running for 36m 0s - Completed 75/99 tests (75%)
[CI Progress] Rate: ~2 tests/minute, ETA: 12 minutes
[CI Progress] Evaluation running for 36m 30s - Completed 76/99 tests (76%)
[CI Progress] Rate: ~2 tests/minute, ETA: 11 minutes
[CI Progress] Evaluation running for 37m 0s - Completed 76/99 tests (76%)
[CI Progress] Rate: ~2 tests/minute, ETA: 11 minutes
[CI Progress] Evaluation running for 37m 30s - Completed 76/99 tests (76%)
[CI Progress] Rate: ~2 tests/minute, ETA: 11 minutes
[CI Progress] Evaluation running for 38m 0s - Completed 76/99 tests (76%)
[CI Progress] Rate: ~2 tests/minute, ETA: 12 minutes
[CI Progress] Evaluation running for 38m 30s - Completed 76/99 tests (76%)
[CI Progress] Rate: ~2 tests/minute, ETA: 12 minutes
[CI Progress] Evaluation running for 39m 0s - Completed 76/99 tests (76%)
[CI Progress] Rate: ~2 tests/minute, ETA: 12 minutes
[CI Progress] Evaluation running for 39m 30s - Completed 76/99 tests (76%)
[CI Progress] Rate: ~2 tests/minute, ETA: 12 minutes
[CI Progress] Evaluation running for 40m 0s - Completed 76/99 tests (76%)
[CI Progress] Rate: ~2 tests/minute, ETA: 12 minutes
[CI Progress] Evaluation running for 40m 30s - Completed 76/99 tests (76%)
[CI Progress] Rate: ~2 tests/minute, ETA: 12 minutes
[CI Progress] Evaluation running for 41m 0s - Completed 77/99 tests (77%)
[CI Progress] Rate: ~2 tests/minute, ETA: 12 minutes
[CI Progress] Evaluation running for 41m 30s - Completed 77/99 tests (77%)
[CI Progress] Rate: ~2 tests/minute, ETA: 12 minutes
[CI Progress] Evaluation running for 42m 0s - Completed 77/99 tests (77%)
[CI Progress] Rate: ~2 tests/minute, ETA: 12 minutes
[CI Progress] Evaluation running for 42m 30s - Completed 77/99 tests (77%)
[CI Progress] Rate: ~2 tests/minute, ETA: 12 minutes
[CI Progress] Evaluation running for 43m 0s - Completed 77/99 tests (77%)
[CI Progress] Rate: ~2 tests/minute, ETA: 12 minutes
[CI Progress] Evaluation running for 43m 30s - Completed 77/99 tests (77%)
[CI Progress] Rate: ~2 tests/minute, ETA: 12 minutes
[CI Progress] Evaluation running for 44m 0s - Completed 77/99 tests (77%)
[CI Progress] Rate: ~2 tests/minute, ETA: 13 minutes
[CI Progress] Evaluation running for 44m 30s - Completed 77/99 tests (77%)
[CI Progress] Rate: ~2 tests/minute, ETA: 13 minutes
[CI Progress] Evaluation running for 45m 0s - Completed 77/99 tests (77%)
[CI Progress] Rate: ~2 tests/minute, ETA: 13 minutes
[CI Progress] Evaluation running for 45m 30s - Completed 77/99 tests (77%)
[CI Progress] Rate: ~2 tests/minute, ETA: 13 minutes
[CI Progress] Evaluation running for 46m 0s - Completed 77/99 tests (77%)
[CI Progress] Rate: ~2 tests/minute, ETA: 13 minutes
[CI Progress] Evaluation running for 46m 30s - Completed 77/99 tests (77%)
[CI Progress] Rate: ~2 tests/minute, ETA: 13 minutes
[CI Progress] Evaluation running for 47m 0s - Completed 77/99 tests (77%)
[CI Progress] Rate: ~2 tests/minute, ETA: 13 minutes
[CI Progress] Evaluation running for 47m 30s - Completed 77/99 tests (77%)
[CI Progress] Rate: ~2 tests/minute, ETA: 14 minutes
[CI Progress] Evaluation running for 48m 0s - Completed 77/99 tests (77%)
[CI Progress] Rate: ~2 tests/minute, ETA: 14 minutes
[CI Progress] Evaluation running for 48m 30s - Completed 77/99 tests (77%)
[CI Progress] Rate: ~2 tests/minute, ETA: 14 minutes
[CI Progress] Evaluation running for 49m 0s - Completed 78/99 tests (78%)
[CI Progress] Rate: ~2 tests/minute, ETA: 13 minutes
[CI Progress] Evaluation running for 49m 30s - Completed 78/99 tests (78%)
[CI Progress] Rate: ~2 tests/minute, ETA: 13 minutes
[CI Progress] Evaluation running for 50m 0s - Completed 78/99 tests (78%)
[CI Progress] Rate: ~2 tests/minute, ETA: 13 minutes
[CI Progress] Evaluation running for 50m 30s - Completed 78/99 tests (78%)
[CI Progress] Rate: ~2 tests/minute, ETA: 14 minutes
[CI Progress] Evaluation running for 51m 0s - Completed 78/99 tests (78%)
[CI Progress] Rate: ~2 tests/minute, ETA: 14 minutes
[CI Progress] Evaluation running for 51m 30s - Completed 78/99 tests (78%)
[CI Progress] Rate: ~2 tests/minute, ETA: 14 minutes
[CI Progress] Evaluation running for 52m 0s - Completed 78/99 tests (78%)
[CI Progress] Rate: ~1 tests/minute, ETA: 14 minutes
[CI Progress] Evaluation running for 52m 30s - Completed 78/99 tests (78%)
[CI Progress] Rate: ~1 tests/minute, ETA: 14 minutes
[CI Progress] Evaluation running for 53m 0s - Completed 78/99 tests (78%)
[CI Progress] Rate: ~1 tests/minute, ETA: 14 minutes
[CI Progress] Evaluation running for 53m 30s - Completed 78/99 tests (78%)
[CI Progress] Rate: ~1 tests/minute, ETA: 14 minutes
[CI Progress] Evaluation running for 54m 0s - Completed 79/99 tests (79%)
[CI Progress] Rate: ~1 tests/minute, ETA: 14 minutes
[CI Progress] Evaluation running for 54m 30s - Completed 80/99 tests (80%)
[CI Progress] Rate: ~1 tests/minute, ETA: 13 minutes
[CI Progress] Evaluation running for 55m 0s - Completed 80/99 tests (80%)
[CI Progress] Rate: ~1 tests/minute, ETA: 13 minutes
[CI Progress] Evaluation running for 55m 30s - Completed 80/99 tests (80%)
[CI Progress] Rate: ~1 tests/minute, ETA: 13 minutes
[CI Progress] Evaluation running for 56m 0s - Completed 80/99 tests (80%)
[CI Progress] Rate: ~1 tests/minute, ETA: 13 minutes
[CI Progress] Evaluation running for 56m 30s - Completed 80/99 tests (80%)
[CI Progress] Rate: ~1 tests/minute, ETA: 13 minutes
[CI Progress] Evaluation running for 57m 0s - Completed 80/99 tests (80%)
[CI Progress] Rate: ~1 tests/minute, ETA: 14 minutes
[CI Progress] Evaluation running for 57m 30s - Completed 80/99 tests (80%)
[CI Progress] Rate: ~1 tests/minute, ETA: 14 minutes
[CI Progress] Evaluation running for 58m 0s - Completed 80/99 tests (80%)
[CI Progress] Rate: ~1 tests/minute, ETA: 14 minutes
[CI Progress] Evaluation running for 58m 30s - Completed 80/99 tests (80%)
[CI Progress] Rate: ~1 tests/minute, ETA: 14 minutes
[CI Progress] Evaluation running for 59m 0s - Completed 80/99 tests (80%)
[CI Progress] Rate: ~1 tests/minute, ETA: 14 minutes
[CI Progress] Evaluation running for 59m 30s - Completed 80/99 tests (80%)
[CI Progress] Rate: ~1 tests/minute, ETA: 14 minutes
[CI Progress] Evaluation running for 60m 0s - Completed 80/99 tests (80%)
[CI Progress] Rate: ~1 tests/minute, ETA: 14 minutes
[CI Progress] Evaluation running for 60m 30s - Completed 80/99 tests (80%)
[CI Progress] Rate: ~1 tests/minute, ETA: 14 minutes
[CI Progress] Evaluation running for 61m 0s - Completed 80/99 tests (80%)
[CI Progress] Rate: ~1 tests/minute, ETA: 14 minutes
[CI Progress] Evaluation running for 61m 30s - Completed 81/99 tests (81%)
[CI Progress] Rate: ~1 tests/minute, ETA: 14 minutes
[CI Progress] Evaluation running for 62m 0s - Completed 81/99 tests (81%)
[CI Progress] Rate: ~1 tests/minute, ETA: 14 minutes
[CI Progress] Evaluation running for 62m 30s - Completed 81/99 tests (81%)
[CI Progress] Rate: ~1 tests/minute, ETA: 14 minutes
[CI Progress] Evaluation running for 63m 0s - Completed 81/99 tests (81%)
[CI Progress] Rate: ~1 tests/minute, ETA: 14 minutes
[CI Progress] Evaluation running for 63m 30s - Completed 81/99 tests (81%)
[CI Progress] Rate: ~1 tests/minute, ETA: 14 minutes
[CI Progress] Evaluation running for 64m 0s - Completed 81/99 tests (81%)
[CI Progress] Rate: ~1 tests/minute, ETA: 14 minutes
[CI Progress] Evaluation running for 64m 30s - Completed 81/99 tests (81%)
[CI Progress] Rate: ~1 tests/minute, ETA: 14 minutes
[CI Progress] Evaluation running for 65m 0s - Completed 81/99 tests (81%)
[CI Progress] Rate: ~1 tests/minute, ETA: 14 minutes
[CI Progress] Evaluation running for 65m 30s - Completed 81/99 tests (81%)
[CI Progress] Rate: ~1 tests/minute, ETA: 15 minutes
[CI Progress] Evaluation running for 66m 0s - Completed 81/99 tests (81%)
[CI Progress] Rate: ~1 tests/minute, ETA: 15 minutes
[CI Progress] Evaluation running for 66m 30s - Completed 81/99 tests (81%)
[CI Progress] Rate: ~1 tests/minute, ETA: 15 minutes
[CI Progress] Evaluation running for 67m 0s - Completed 81/99 tests (81%)
[CI Progress] Rate: ~1 tests/minute, ETA: 15 minutes
[CI Progress] Evaluation running for 67m 30s - Completed 81/99 tests (81%)
[CI Progress] Rate: ~1 tests/minute, ETA: 15 minutes
[CI Progress] Evaluation running for 68m 0s - Completed 81/99 tests (81%)
[CI Progress] Rate: ~1 tests/minute, ETA: 15 minutes
[CI Progress] Evaluation running for 68m 30s - Completed 81/99 tests (81%)
[CI Progress] Rate: ~1 tests/minute, ETA: 15 minutes
[CI Progress] Evaluation running for 69m 0s - Completed 81/99 tests (81%)
[CI Progress] Rate: ~1 tests/minute, ETA: 15 minutes
[CI Progress] Evaluation running for 69m 30s - Completed 81/99 tests (81%)
[CI Progress] Rate: ~1 tests/minute, ETA: 15 minutes
[CI Progress] Evaluation running for 70m 0s - Completed 81/99 tests (81%)
[CI Progress] Rate: ~1 tests/minute, ETA: 16 minutes
[CI Progress] Evaluation running for 70m 30s - Completed 81/99 tests (81%)
[CI Progress] Rate: ~1 tests/minute, ETA: 16 minutes
[CI Progress] Evaluation running for 71m 0s - Completed 82/99 tests (82%)
[CI Progress] Rate: ~1 tests/minute, ETA: 15 minutes
[CI Progress] Evaluation running for 71m 30s - Completed 82/99 tests (82%)
[CI Progress] Rate: ~1 tests/minute, ETA: 15 minutes
[CI Progress] Evaluation running for 72m 0s - Completed 82/99 tests (82%)
[CI Progress] Rate: ~1 tests/minute, ETA: 15 minutes
[CI Progress] Evaluation running for 72m 30s - Completed 82/99 tests (82%)
[CI Progress] Rate: ~1 tests/minute, ETA: 15 minutes
[CI Progress] Evaluation running for 73m 0s - Completed 82/99 tests (82%)
[CI Progress] Rate: ~1 tests/minute, ETA: 15 minutes
[CI Progress] Evaluation running for 73m 30s - Completed 82/99 tests (82%)
[CI Progress] Rate: ~1 tests/minute, ETA: 15 minutes
[CI Progress] Evaluation running for 74m 0s - Completed 82/99 tests (82%)
[CI Progress] Rate: ~1 tests/minute, ETA: 15 minutes
[CI Progress] Evaluation running for 74m 30s - Completed 82/99 tests (82%)
[CI Progress] Rate: ~1 tests/minute, ETA: 15 minutes
[CI Progress] Evaluation running for 75m 0s - Completed 82/99 tests (82%)
[CI Progress] Rate: ~1 tests/minute, ETA: 16 minutes
[CI Progress] Evaluation running for 75m 30s - Completed 82/99 tests (82%)
[CI Progress] Rate: ~1 tests/minute, ETA: 16 minutes
[CI Progress] Evaluation running for 76m 0s - Completed 82/99 tests (82%)
[CI Progress] Rate: ~1 tests/minute, ETA: 16 minutes
[CI Progress] Evaluation running for 76m 30s - Completed 82/99 tests (82%)
[CI Progress] Rate: ~1 tests/minute, ETA: 16 minutes
[CI Progress] Evaluation running for 77m 0s - Completed 82/99 tests (82%)
[CI Progress] Rate: ~1 tests/minute, ETA: 16 minutes
[CI Progress] Evaluation running for 77m 30s - Completed 82/99 tests (82%)
[CI Progress] Rate: ~1 tests/minute, ETA: 16 minutes
[CI Progress] Evaluation running for 78m 0s - Completed 82/99 tests (82%)
[CI Progress] Rate: ~1 tests/minute, ETA: 16 minutes
[CI Progress] Evaluation running for 78m 30s - Completed 83/99 tests (83%)
[CI Progress] Rate: ~1 tests/minute, ETA: 15 minutes
[CI Progress] Evaluation running for 79m 0s - Completed 84/99 tests (84%)
[CI Progress] Rate: ~1 tests/minute, ETA: 14 minutes
[CI Progress] Evaluation running for 79m 30s - Completed 84/99 tests (84%)
[CI Progress] Rate: ~1 tests/minute, ETA: 14 minutes
[CI Progress] Evaluation running for 80m 0s - Completed 84/99 tests (84%)
[CI Progress] Rate: ~1 tests/minute, ETA: 14 minutes
[CI Progress] Evaluation running for 80m 30s - Completed 84/99 tests (84%)
[CI Progress] Rate: ~1 tests/minute, ETA: 14 minutes
[CI Progress] Evaluation running for 81m 0s - Completed 84/99 tests (84%)
[CI Progress] Rate: ~1 tests/minute, ETA: 14 minutes
[CI Progress] Evaluation running for 81m 30s - Completed 84/99 tests (84%)
[CI Progress] Rate: ~1 tests/minute, ETA: 15 minutes
[CI Progress] Evaluation running for 82m 0s - Completed 84/99 tests (84%)
[CI Progress] Rate: ~1 tests/minute, ETA: 15 minutes
[CI Progress] Evaluation running for 82m 30s - Completed 84/99 tests (84%)
[CI Progress] Rate: ~1 tests/minute, ETA: 15 minutes
[CI Progress] Evaluation running for 83m 0s - Completed 85/99 tests (85%)
[CI Progress] Rate: ~1 tests/minute, ETA: 14 minutes
[CI Progress] Evaluation running for 83m 30s - Completed 85/99 tests (85%)
[CI Progress] Rate: ~1 tests/minute, ETA: 14 minutes
[CI Progress] Evaluation running for 84m 0s - Completed 85/99 tests (85%)
[CI Progress] Rate: ~1 tests/minute, ETA: 14 minutes
[CI Progress] Evaluation running for 84m 30s - Completed 85/99 tests (85%)
[CI Progress] Rate: ~1 tests/minute, ETA: 14 minutes
[CI Progress] Evaluation running for 85m 0s - Completed 85/99 tests (85%)
[CI Progress] Rate: ~1 tests/minute, ETA: 14 minutes
[CI Progress] Evaluation running for 85m 30s - Completed 86/99 tests (86%)
[CI Progress] Rate: ~1 tests/minute, ETA: 13 minutes
[CI Progress] Evaluation running for 86m 0s - Completed 86/99 tests (86%)
[CI Progress] Rate: ~1 tests/minute, ETA: 13 minutes
[CI Progress] Evaluation running for 86m 30s - Completed 86/99 tests (86%)
[CI Progress] Rate: ~1 tests/minute, ETA: 13 minutes
[CI Progress] Evaluation running for 87m 0s - Completed 86/99 tests (86%)
[CI Progress] Rate: ~1 tests/minute, ETA: 13 minutes
[CI Progress] Evaluation running for 87m 30s - Completed 86/99 tests (86%)
[CI Progress] Rate: ~1 tests/minute, ETA: 13 minutes
[CI Progress] Evaluation running for 88m 0s - Completed 86/99 tests (86%)
[CI Progress] Rate: ~1 tests/minute, ETA: 13 minutes
[CI Progress] Evaluation running for 88m 30s - Completed 86/99 tests (86%)
[CI Progress] Rate: ~1 tests/minute, ETA: 13 minutes
[CI Progress] Evaluation running for 89m 0s - Completed 86/99 tests (86%)
[CI Progress] Rate: ~1 tests/minute, ETA: 13 minutes
[CI Progress] Evaluation running for 89m 30s - Completed 86/99 tests (86%)
[CI Progress] Rate: ~1 tests/minute, ETA: 14 minutes
[CI Progress] Evaluation running for 90m 0s - Completed 86/99 tests (86%)
[CI Progress] Rate: ~1 tests/minute, ETA: 14 minutes
[CI Progress] Evaluation running for 90m 30s - Completed 86/99 tests (86%)
[CI Progress] Rate: ~1 tests/minute, ETA: 14 minutes
[CI Progress] Evaluation running for 91m 0s - Completed 86/99 tests (86%)
[CI Progress] Rate: ~1 tests/minute, ETA: 14 minutes
[CI Progress] Evaluation running for 91m 30s - Completed 86/99 tests (86%)
[CI Progress] Rate: ~1 tests/minute, ETA: 14 minutes
[CI Progress] Evaluation running for 92m 0s - Completed 86/99 tests (86%)
[CI Progress] Rate: ~1 tests/minute, ETA: 14 minutes
[CI Progress] Evaluation running for 92m 30s - Completed 86/99 tests (86%)
[CI Progress] Rate: ~1 tests/minute, ETA: 14 minutes
[CI Progress] Evaluation running for 93m 0s - Completed 86/99 tests (86%)
[CI Progress] Rate: ~1 tests/minute, ETA: 14 minutes
[CI Progress] Evaluation running for 93m 30s - Completed 86/99 tests (86%)
[CI Progress] Rate: ~1 tests/minute, ETA: 14 minutes
[CI Progress] Evaluation running for 94m 0s - Completed 87/99 tests (87%)
[CI Progress] Rate: ~1 tests/minute, ETA: 13 minutes
[CI Progress] Evaluation running for 94m 30s - Completed 87/99 tests (87%)
[CI Progress] Rate: ~1 tests/minute, ETA: 13 minutes
[CI Progress] Evaluation running for 95m 0s - Completed 87/99 tests (87%)
[CI Progress] Rate: ~1 tests/minute, ETA: 13 minutes
[CI Progress] Evaluation running for 95m 30s - Completed 87/99 tests (87%)
[CI Progress] Rate: ~1 tests/minute, ETA: 13 minutes
[CI Progress] Evaluation running for 96m 0s - Completed 87/99 tests (87%)
[CI Progress] Rate: ~1 tests/minute, ETA: 13 minutes
[CI Progress] Evaluation running for 96m 30s - Completed 87/99 tests (87%)
[CI Progress] Rate: ~1 tests/minute, ETA: 13 minutes
[CI Progress] Evaluation running for 97m 0s - Completed 87/99 tests (87%)
[CI Progress] Rate: ~1 tests/minute, ETA: 13 minutes
[CI Progress] Evaluation running for 97m 30s - Completed 87/99 tests (87%)
[CI Progress] Rate: ~1 tests/minute, ETA: 13 minutes
[CI Progress] Evaluation running for 98m 0s - Completed 88/99 tests (88%)
[CI Progress] Rate: ~1 tests/minute, ETA: 12 minutes
[CI Progress] Evaluation running for 98m 30s - Completed 88/99 tests (88%)
[CI Progress] Rate: ~1 tests/minute, ETA: 12 minutes
[CI Progress] Evaluation running for 99m 0s - Completed 88/99 tests (88%)
[CI Progress] Rate: ~1 tests/minute, ETA: 12 minutes
[CI Progress] Evaluation running for 99m 30s - Completed 88/99 tests (88%)
[CI Progress] Rate: ~1 tests/minute, ETA: 12 minutes
[CI Progress] Evaluation running for 100m 0s - Completed 89/99 tests (89%)
[CI Progress] Rate: ~1 tests/minute, ETA: 11 minutes
[CI Progress] Evaluation running for 100m 30s - Completed 89/99 tests (89%)
[CI Progress] Rate: ~1 tests/minute, ETA: 11 minutes
[CI Progress] Evaluation running for 101m 0s - Completed 89/99 tests (89%)
[CI Progress] Rate: ~1 tests/minute, ETA: 11 minutes
[CI Progress] Evaluation running for 101m 30s - Completed 89/99 tests (89%)
[CI Progress] Rate: ~1 tests/minute, ETA: 11 minutes
[CI Progress] Evaluation running for 102m 0s - Completed 90/99 tests (90%)
[CI Progress] Rate: ~1 tests/minute, ETA: 10 minutes
[CI Progress] Evaluation running for 102m 30s - Completed 90/99 tests (90%)
[CI Progress] Rate: ~1 tests/minute, ETA: 10 minutes
[CI Progress] Evaluation running for 103m 0s - Completed 90/99 tests (90%)
[CI Progress] Rate: ~1 tests/minute, ETA: 10 minutes
[CI Progress] Evaluation running for 103m 30s - Completed 90/99 tests (90%)
[CI Progress] Rate: ~1 tests/minute, ETA: 10 minutes
[CI Progress] Evaluation running for 104m 0s - Completed 90/99 tests (90%)
[CI Progress] Rate: ~1 tests/minute, ETA: 10 minutes
[CI Progress] Evaluation running for 104m 30s - Completed 90/99 tests (90%)
[CI Progress] Rate: ~1 tests/minute, ETA: 10 minutes
[CI Progress] Evaluation running for 105m 0s - Completed 91/99 tests (91%)
[CI Progress] Rate: ~1 tests/minute, ETA: 9 minutes
[CI Progress] Evaluation running for 105m 30s - Completed 91/99 tests (91%)
[CI Progress] Rate: ~1 tests/minute, ETA: 9 minutes
[CI Progress] Evaluation running for 106m 0s - Completed 91/99 tests (91%)
[CI Progress] Rate: ~1 tests/minute, ETA: 9 minutes
[CI Progress] Evaluation running for 106m 30s - Completed 91/99 tests (91%)
[CI Progress] Rate: ~1 tests/minute, ETA: 9 minutes
[CI Progress] Evaluation running for 107m 0s - Completed 91/99 tests (91%)
[CI Progress] Rate: ~1 tests/minute, ETA: 9 minutes
[CI Progress] Evaluation running for 107m 30s - Completed 92/99 tests (92%)
[CI Progress] Rate: ~1 tests/minute, ETA: 8 minutes
[CI Progress] Evaluation running for 108m 0s - Completed 92/99 tests (92%)
[CI Progress] Rate: ~1 tests/minute, ETA: 8 minutes
[CI Progress] Evaluation running for 108m 30s - Completed 92/99 tests (92%)
[CI Progress] Rate: ~1 tests/minute, ETA: 8 minutes
[CI Progress] Evaluation running for 109m 0s - Completed 92/99 tests (92%)
[CI Progress] Rate: ~1 tests/minute, ETA: 8 minutes
[CI Progress] Evaluation running for 109m 30s - Completed 92/99 tests (92%)
[CI Progress] Rate: ~1 tests/minute, ETA: 8 minutes
[CI Progress] Evaluation running for 110m 0s - Completed 92/99 tests (92%)
[CI Progress] Rate: ~1 tests/minute, ETA: 8 minutes
[CI Progress] Evaluation running for 110m 30s - Completed 92/99 tests (92%)
[CI Progress] Rate: ~1 tests/minute, ETA: 8 minutes
[CI Progress] Evaluation running for 111m 0s - Completed 92/99 tests (92%)
[CI Progress] Rate: ~1 tests/minute, ETA: 8 minutes
[CI Progress] Evaluation running for 111m 30s - Completed 92/99 tests (92%)
[CI Progress] Rate: ~1 tests/minute, ETA: 8 minutes
[CI Progress] Evaluation running for 112m 0s - Completed 92/99 tests (92%)
[CI Progress] Rate: ~1 tests/minute, ETA: 9 minutes
[CI Progress] Evaluation running for 112m 30s - Completed 92/99 tests (92%)
[CI Progress] Rate: ~1 tests/minute, ETA: 9 minutes
[CI Progress] Evaluation running for 113m 0s - Completed 93/99 tests (93%)
[CI Progress] Rate: ~1 tests/minute, ETA: 7 minutes
[CI Progress] Evaluation running for 113m 30s - Completed 93/99 tests (93%)
[CI Progress] Rate: ~1 tests/minute, ETA: 7 minutes
[CI Progress] Evaluation running for 114m 0s - Completed 93/99 tests (93%)
[CI Progress] Rate: ~1 tests/minute, ETA: 7 minutes
[CI Progress] Evaluation running for 114m 30s - Completed 94/99 tests (94%)
[CI Progress] Rate: ~1 tests/minute, ETA: 6 minutes
[CI Progress] Evaluation running for 115m 0s - Completed 94/99 tests (94%)
[CI Progress] Rate: ~1 tests/minute, ETA: 6 minutes
[CI Progress] Evaluation running for 115m 30s - Completed 94/99 tests (94%)
[CI Progress] Rate: ~1 tests/minute, ETA: 6 minutes
[CI Progress] Evaluation running for 116m 0s - Completed 94/99 tests (94%)
[CI Progress] Rate: ~1 tests/minute, ETA: 6 minutes
[CI Progress] Evaluation running for 116m 30s - Completed 94/99 tests (94%)
[CI Progress] Rate: ~1 tests/minute, ETA: 6 minutes
[CI Progress] Evaluation running for 117m 0s - Completed 95/99 tests (95%)
[CI Progress] Rate: ~1 tests/minute, ETA: 5 minutes
[CI Progress] Evaluation running for 117m 30s - Completed 95/99 tests (95%)
[CI Progress] Rate: ~1 tests/minute, ETA: 5 minutes
[CI Progress] Evaluation running for 118m 0s - Completed 95/99 tests (95%)
[CI Progress] Rate: ~1 tests/minute, ETA: 5 minutes
[CI Progress] Evaluation running for 118m 30s - Completed 95/99 tests (95%)
[CI Progress] Rate: ~1 tests/minute, ETA: 5 minutes
[CI Progress] Evaluation running for 119m 0s - Completed 95/99 tests (95%)
[CI Progress] Rate: ~1 tests/minute, ETA: 5 minutes
[CI Progress] Evaluation running for 119m 30s - Completed 95/99 tests (95%)
[CI Progress] Rate: ~1 tests/minute, ETA: 5 minutes
[CI Progress] Evaluation running for 120m 0s - Completed 95/99 tests (95%)
[CI Progress] Rate: ~1 tests/minute, ETA: 5 minutes
[CI Progress] Evaluation running for 120m 30s - Completed 95/99 tests (95%)
[CI Progress] Rate: ~1 tests/minute, ETA: 5 minutes
[CI Progress] Evaluation running for 121m 0s - Completed 95/99 tests (95%)
[CI Progress] Rate: ~1 tests/minute, ETA: 5 minutes
[CI Progress] Evaluation running for 121m 30s - Completed 95/99 tests (95%)
[CI Progress] Rate: ~1 tests/minute, ETA: 5 minutes
[CI Progress] Evaluation running for 122m 0s - Completed 96/99 tests (96%)
[CI Progress] Rate: ~1 tests/minute, ETA: 4 minutes
[CI Progress] Evaluation running for 122m 30s - Completed 96/99 tests (96%)
[CI Progress] Rate: ~1 tests/minute, ETA: 4 minutes
[CI Progress] Evaluation running for 123m 0s - Completed 97/99 tests (97%)
[CI Progress] Rate: ~1 tests/minute, ETA: 3 minutes
[CI Progress] Evaluation running for 123m 30s - Completed 97/99 tests (97%)
[CI Progress] Rate: ~1 tests/minute, ETA: 3 minutes
[CI Progress] Evaluation running for 124m 0s - Completed 97/99 tests (97%)
[CI Progress] Rate: ~1 tests/minute, ETA: 3 minutes
[CI Progress] Evaluation running for 124m 30s - Completed 97/99 tests (97%)
[CI Progress] Rate: ~1 tests/minute, ETA: 3 minutes
[CI Progress] Evaluation running for 125m 0s - Completed 97/99 tests (97%)
[CI Progress] Rate: ~1 tests/minute, ETA: 3 minutes
[CI Progress] Evaluation running for 125m 30s - Completed 97/99 tests (97%)
[CI Progress] Rate: ~1 tests/minute, ETA: 3 minutes
[CI Progress] Evaluation running for 126m 0s - Completed 97/99 tests (97%)
[CI Progress] Rate: ~1 tests/minute, ETA: 3 minutes
[CI Progress] Evaluation running for 126m 30s - Completed 97/99 tests (97%)
[CI Progress] Rate: ~1 tests/minute, ETA: 3 minutes
[CI Progress] Evaluation running for 127m 0s - Completed 97/99 tests (97%)
[CI Progress] Rate: ~1 tests/minute, ETA: 3 minutes
[CI Progress] Evaluation running for 127m 30s - Completed 97/99 tests (97%)
[CI Progress] Rate: ~1 tests/minute, ETA: 3 minutes
[CI Progress] Evaluation running for 128m 0s - Completed 97/99 tests (97%)
[CI Progress] Rate: ~1 tests/minute, ETA: 3 minutes
[CI Progress] Evaluation running for 128m 30s - Completed 97/99 tests (97%)
[CI Progress] Rate: ~1 tests/minute, ETA: 3 minutes
[CI Progress] Evaluation running for 129m 0s - Completed 98/99 tests (98%)
[CI Progress] Rate: ~1 tests/minute, ETA: 1 minute
[CI Progress] Evaluation running for 129m 30s - Completed 98/99 tests (98%)
[CI Progress] Rate: ~1 tests/minute, ETA: 1 minute
[CI Progress] Evaluation running for 130m 0s - Completed 98/99 tests (98%)
[CI Progress] Rate: ~1 tests/minute, ETA: 1 minute
[CI Progress] Evaluation running for 130m 30s - Completed 98/99 tests (98%)
[CI Progress] Rate: ~1 tests/minute, ETA: 1 minute
[CI Progress] Evaluation running for 131m 0s - Completed 98/99 tests (98%)
[CI Progress] Rate: ~1 tests/minute, ETA: 1 minute
[CI Progress] Evaluation running for 131m 30s - Completed 98/99 tests (98%)
[CI Progress] Rate: ~1 tests/minute, ETA: 1 minute
[CI Progress] Evaluation running for 132m 0s - Completed 98/99 tests (98%)
[CI Progress] Rate: ~1 tests/minute, ETA: 1 minute
[CI Progress] Evaluation running for 132m 30s - Completed 98/99 tests (98%)
[CI Progress] Rate: ~1 tests/minute, ETA: 1 minute
[CI Progress] Evaluation running for 133m 0s - Completed 98/99 tests (98%)
[CI Progress] Rate: ~1 tests/minute, ETA: 1 minute
[CI Progress] Evaluation running for 133m 30s - Completed 98/99 tests (98%)
[CI Progress] Rate: ~1 tests/minute, ETA: 1 minute
[CI Progress] Evaluation running for 134m 0s - Completed 98/99 tests (98%)
[CI Progress] Rate: ~1 tests/minute, ETA: 1 minute
[CI Progress] Evaluation running for 134m 30s - Completed 98/99 tests (98%)
[CI Progress] Rate: ~1 tests/minute, ETA: 1 minute
[Evaluation] ✓ Complete! 99/99 tests in 134m 34s
✓ Red team complete (ID: eval-tYA-2026-04-09T21:35:45)

» View results: promptfoo view
» Share with your team: https://promptfoo.app
» Feedback: https://promptfoo.dev/feedback

Total Tokens: 579,223
  Probes: 254
  Eval: 424,020 (290,757 prompt, 133,263 completion)
  Grading: 155,203 (138,174 prompt, 17,029 completion)

Results:
  ✓ 71 passed (71.72%)
  ✗ 28 failed (28.28%)
  0 errors (0%)
Duration: 2h 14m 35s (concurrency: 4)

Total scan time: 2h 14m 50s (generation: 15s, evaluation: 2h 14m 35s)

Red team scan complete!
To view the results, run promptfoo redteam report
