
> ai-redteam-lab-promptfoo@0.1.0 redteam:pipeline
> CI=true promptfoo redteam run -c redteam/promptfooconfig.pipeline.yaml

Generating test cases...
Cache is disabled
Synthesizing test cases for 1 prompt...
Using plugins:

ascii-smuggling (5 tests)
bfla (5 tests)
bola (5 tests)
cyberseceval (5 tests)
hijacking (5 tests)
pii:direct (5 tests)
policy (5 tests)The assistant must never: 1. Reveal HR records (name, salary, manager_...
rag-document-exfiltration (5 tests)
rbac (5 tests)

Using strategies:

base64 (45 additional tests)
jailbreak-templates (45 additional tests)
jailbreak:meta (45 additional tests)

Test Generation Summary:
• Total tests: 180
• Plugin tests: 45
• Plugins: 9
• Strategies: 3
• Max concurrency: 4



Test Generation Report:
┌─────┬──────────┬────────────────────────────────────────┬────────────┬────────────┬──────────────┐
│ #   │ Type     │ ID                                     │ Requested  │ Generated  │ Status       │
├─────┼──────────┼────────────────────────────────────────┼────────────┼────────────┼──────────────┤
│ 1   │ Plugin   │ ascii-smuggling                        │ 5          │ 5          │ Success      │
├─────┼──────────┼────────────────────────────────────────┼────────────┼────────────┼──────────────┤
│ 2   │ Plugin   │ bfla                                   │ 5          │ 5          │ Success      │
├─────┼──────────┼────────────────────────────────────────┼────────────┼────────────┼──────────────┤
│ 3   │ Plugin   │ bola                                   │ 5          │ 5          │ Success      │
├─────┼──────────┼────────────────────────────────────────┼────────────┼────────────┼──────────────┤
│ 4   │ Plugin   │ cyberseceval                           │ 5          │ 5          │ Success      │
├─────┼──────────┼────────────────────────────────────────┼────────────┼────────────┼──────────────┤
│ 5   │ Plugin   │ hijacking                              │ 5          │ 5          │ Success      │
├─────┼──────────┼────────────────────────────────────────┼────────────┼────────────┼──────────────┤
│ 6   │ Plugin   │ pii:direct                             │ 5          │ 5          │ Success      │
├─────┼──────────┼────────────────────────────────────────┼────────────┼────────────┼──────────────┤
│ 7   │ Plugin   │ policy [ef64c8aadc87]: The assistant … │ 5          │ 5          │ Success      │
├─────┼──────────┼────────────────────────────────────────┼────────────┼────────────┼──────────────┤
│ 8   │ Plugin   │ rag-document-exfiltration              │ 5          │ 5          │ Success      │
├─────┼──────────┼────────────────────────────────────────┼────────────┼────────────┼──────────────┤
│ 9   │ Plugin   │ rbac                                   │ 5          │ 5          │ Success      │
├─────┼──────────┼────────────────────────────────────────┼────────────┼────────────┼──────────────┤
│ 10  │ Strategy │ base64                                 │ 40         │ 40         │ Success      │
├─────┼──────────┼────────────────────────────────────────┼────────────┼────────────┼──────────────┤
│ 11  │ Strategy │ jailbreak-templates                    │ 40         │ 40         │ Success      │
├─────┼──────────┼────────────────────────────────────────┼────────────┼────────────┼──────────────┤
│ 12  │ Strategy │ jailbreak:meta                         │ 40         │ 40         │ Success      │
└─────┴──────────┴────────────────────────────────────────┴────────────┴────────────┴──────────────┘
========================================================================================================================
Wrote 165 test cases to redteam/redteam.yaml
========================================================================================================================
Running scan...
Starting evaluation eval-usv-2026-04-10T00:51:51
[Evaluation] Starting 165 test cases...
Running 165 test cases (up to 4 at a time)...
[CI Progress] Evaluation running for 30s - Completed 6/165 tests (3%)
[CI Progress] Rate: ~12 tests/minute, ETA: 13 minutes
[CI Progress] Evaluation running for 1m 0s - Completed 10/165 tests (6%)
[CI Progress] Rate: ~10 tests/minute, ETA: 16 minutes
[CI Progress] Evaluation running for 1m 30s - Completed 14/165 tests (8%)
[CI Progress] Rate: ~9 tests/minute, ETA: 16 minutes
[CI Progress] Evaluation running for 2m 0s - Completed 18/165 tests (10%)
[CI Progress] Rate: ~9 tests/minute, ETA: 16 minutes
[CI Progress] Evaluation running for 2m 30s - Completed 23/165 tests (13%)
[CI Progress] Rate: ~9 tests/minute, ETA: 15 minutes
[CI Progress] Evaluation running for 3m 0s - Completed 27/165 tests (16%)
[CI Progress] Rate: ~9 tests/minute, ETA: 15 minutes
[CI Progress] Evaluation running for 3m 30s - Completed 31/165 tests (18%)
[CI Progress] Rate: ~9 tests/minute, ETA: 15 minutes
[CI Progress] Evaluation running for 4m 0s - Completed 31/165 tests (18%)
[CI Progress] Rate: ~8 tests/minute, ETA: 17 minutes
[CI Progress] Evaluation running for 4m 30s - Completed 33/165 tests (20%)
[CI Progress] Rate: ~7 tests/minute, ETA: 18 minutes
[CI Progress] Evaluation running for 5m 0s - Completed 37/165 tests (22%)
[CI Progress] Rate: ~7 tests/minute, ETA: 17 minutes
[Evaluation] ✓ 25% complete (42/165) - 5m 28s elapsed
[CI Progress] Evaluation running for 5m 30s - Completed 42/165 tests (25%)
[CI Progress] Rate: ~8 tests/minute, ETA: 16 minutes
[CI Progress] Evaluation running for 6m 0s - Completed 46/165 tests (27%)
[CI Progress] Rate: ~8 tests/minute, ETA: 16 minutes
[CI Progress] Evaluation running for 6m 30s - Completed 50/165 tests (30%)
[CI Progress] Rate: ~8 tests/minute, ETA: 15 minutes
[CI Progress] Evaluation running for 7m 0s - Completed 54/165 tests (32%)
[CI Progress] Rate: ~8 tests/minute, ETA: 14 minutes
[CI Progress] Evaluation running for 7m 30s - Completed 58/165 tests (35%)
[CI Progress] Rate: ~8 tests/minute, ETA: 14 minutes
[CI Progress] Evaluation running for 8m 0s - Completed 62/165 tests (37%)
[CI Progress] Rate: ~8 tests/minute, ETA: 13 minutes
[CI Progress] Evaluation running for 8m 30s - Completed 66/165 tests (40%)
[CI Progress] Rate: ~8 tests/minute, ETA: 13 minutes
[CI Progress] Evaluation running for 9m 0s - Completed 70/165 tests (42%)
[CI Progress] Rate: ~8 tests/minute, ETA: 12 minutes
[CI Progress] Evaluation running for 9m 30s - Completed 75/165 tests (45%)
[CI Progress] Rate: ~8 tests/minute, ETA: 11 minutes
[CI Progress] Evaluation running for 10m 0s - Completed 79/165 tests (47%)
[CI Progress] Rate: ~8 tests/minute, ETA: 11 minutes
[Evaluation] ✓ 50% complete (83/165) - 10m 25s elapsed
[CI Progress] Evaluation running for 10m 30s - Completed 83/165 tests (50%)
[CI Progress] Rate: ~8 tests/minute, ETA: 10 minutes
[CI Progress] Evaluation running for 11m 0s - Completed 86/165 tests (52%)
[CI Progress] Rate: ~8 tests/minute, ETA: 10 minutes
[CI Progress] Evaluation running for 11m 30s - Completed 90/165 tests (54%)
[CI Progress] Rate: ~8 tests/minute, ETA: 10 minutes
[CI Progress] Evaluation running for 12m 0s - Completed 94/165 tests (56%)
[CI Progress] Rate: ~8 tests/minute, ETA: 9 minutes
[CI Progress] Evaluation running for 12m 30s - Completed 99/165 tests (60%)
[CI Progress] Rate: ~8 tests/minute, ETA: 8 minutes
[CI Progress] Evaluation running for 13m 0s - Completed 103/165 tests (62%)
[CI Progress] Rate: ~8 tests/minute, ETA: 8 minutes
[CI Progress] Evaluation running for 13m 30s - Completed 107/165 tests (64%)
[CI Progress] Rate: ~8 tests/minute, ETA: 7 minutes
[CI Progress] Evaluation running for 14m 0s - Completed 112/165 tests (67%)
[CI Progress] Rate: ~8 tests/minute, ETA: 7 minutes
[CI Progress] Evaluation running for 14m 30s - Completed 117/165 tests (70%)
[CI Progress] Rate: ~8 tests/minute, ETA: 6 minutes
[CI Progress] Evaluation running for 15m 0s - Completed 121/165 tests (73%)
[CI Progress] Rate: ~8 tests/minute, ETA: 5 minutes
[Evaluation] ✓ 75% complete (124/165) - 15m 17s elapsed
[CI Progress] Evaluation running for 15m 30s - Completed 125/165 tests (75%)
[CI Progress] Rate: ~8 tests/minute, ETA: 5 minutes
[CI Progress] Evaluation running for 16m 0s - Completed 125/165 tests (75%)
[CI Progress] Rate: ~8 tests/minute, ETA: 5 minutes
[CI Progress] Evaluation running for 16m 30s - Completed 125/165 tests (75%)
[CI Progress] Rate: ~8 tests/minute, ETA: 5 minutes
[CI Progress] Evaluation running for 17m 0s - Completed 125/165 tests (75%)
[CI Progress] Rate: ~7 tests/minute, ETA: 5 minutes
[CI Progress] Evaluation running for 17m 30s - Completed 125/165 tests (75%)
[CI Progress] Rate: ~7 tests/minute, ETA: 6 minutes
[CI Progress] Evaluation running for 18m 0s - Completed 125/165 tests (75%)
[CI Progress] Rate: ~7 tests/minute, ETA: 6 minutes
[CI Progress] Evaluation running for 18m 30s - Completed 126/165 tests (76%)
[CI Progress] Rate: ~7 tests/minute, ETA: 6 minutes
[CI Progress] Evaluation running for 19m 0s - Completed 127/165 tests (76%)
[CI Progress] Rate: ~7 tests/minute, ETA: 6 minutes
[CI Progress] Evaluation running for 19m 30s - Completed 127/165 tests (76%)
[CI Progress] Rate: ~7 tests/minute, ETA: 6 minutes
[CI Progress] Evaluation running for 20m 0s - Completed 128/165 tests (77%)
[CI Progress] Rate: ~6 tests/minute, ETA: 6 minutes
[CI Progress] Evaluation running for 20m 30s - Completed 128/165 tests (77%)
[CI Progress] Rate: ~6 tests/minute, ETA: 6 minutes
[CI Progress] Evaluation running for 21m 0s - Completed 128/165 tests (77%)
[CI Progress] Rate: ~6 tests/minute, ETA: 6 minutes
[CI Progress] Evaluation running for 21m 30s - Completed 129/165 tests (78%)
[CI Progress] Rate: ~6 tests/minute, ETA: 6 minutes
[CI Progress] Evaluation running for 22m 0s - Completed 129/165 tests (78%)
[CI Progress] Rate: ~6 tests/minute, ETA: 6 minutes
[CI Progress] Evaluation running for 22m 30s - Completed 130/165 tests (78%)
[CI Progress] Rate: ~6 tests/minute, ETA: 6 minutes
[CI Progress] Evaluation running for 23m 0s - Completed 131/165 tests (79%)
[CI Progress] Rate: ~6 tests/minute, ETA: 6 minutes
[CI Progress] Evaluation running for 23m 30s - Completed 131/165 tests (79%)
[CI Progress] Rate: ~6 tests/minute, ETA: 6 minutes
[CI Progress] Evaluation running for 24m 0s - Completed 131/165 tests (79%)
[CI Progress] Rate: ~5 tests/minute, ETA: 6 minutes
[CI Progress] Evaluation running for 24m 30s - Completed 133/165 tests (80%)
[CI Progress] Rate: ~5 tests/minute, ETA: 6 minutes
[CI Progress] Evaluation running for 25m 0s - Completed 136/165 tests (82%)
[CI Progress] Rate: ~5 tests/minute, ETA: 5 minutes
[CI Progress] Evaluation running for 25m 30s - Completed 136/165 tests (82%)
[CI Progress] Rate: ~5 tests/minute, ETA: 5 minutes
[CI Progress] Evaluation running for 26m 0s - Completed 138/165 tests (83%)
[CI Progress] Rate: ~5 tests/minute, ETA: 5 minutes
[CI Progress] Evaluation running for 26m 30s - Completed 140/165 tests (84%)
[CI Progress] Rate: ~5 tests/minute, ETA: 5 minutes
[CI Progress] Evaluation running for 27m 0s - Completed 143/165 tests (86%)
[CI Progress] Rate: ~5 tests/minute, ETA: 4 minutes
[CI Progress] Evaluation running for 27m 30s - Completed 144/165 tests (87%)
[CI Progress] Rate: ~5 tests/minute, ETA: 4 minutes
[CI Progress] Evaluation running for 28m 0s - Completed 146/165 tests (88%)
[CI Progress] Rate: ~5 tests/minute, ETA: 4 minutes
[CI Progress] Evaluation running for 28m 30s - Completed 149/165 tests (90%)
[CI Progress] Rate: ~5 tests/minute, ETA: 3 minutes
[CI Progress] Evaluation running for 29m 0s - Completed 150/165 tests (90%)
[CI Progress] Rate: ~5 tests/minute, ETA: 3 minutes
[CI Progress] Evaluation running for 29m 30s - Completed 152/165 tests (92%)
[CI Progress] Rate: ~5 tests/minute, ETA: 3 minutes
[CI Progress] Evaluation running for 30m 0s - Completed 153/165 tests (92%)
[CI Progress] Rate: ~5 tests/minute, ETA: 2 minutes
[CI Progress] Evaluation running for 30m 30s - Completed 154/165 tests (93%)
[CI Progress] Rate: ~5 tests/minute, ETA: 2 minutes
[CI Progress] Evaluation running for 31m 0s - Completed 155/165 tests (93%)
[CI Progress] Rate: ~5 tests/minute, ETA: 2 minutes
[CI Progress] Evaluation running for 31m 30s - Completed 155/165 tests (93%)
[CI Progress] Rate: ~5 tests/minute, ETA: 2 minutes
[CI Progress] Evaluation running for 32m 0s - Completed 156/165 tests (94%)
[CI Progress] Rate: ~5 tests/minute, ETA: 2 minutes
[CI Progress] Evaluation running for 32m 30s - Completed 157/165 tests (95%)
[CI Progress] Rate: ~5 tests/minute, ETA: 2 minutes
[CI Progress] Evaluation running for 33m 0s - Completed 159/165 tests (96%)
[CI Progress] Rate: ~5 tests/minute, ETA: 1 minute
[CI Progress] Evaluation running for 33m 30s - Completed 163/165 tests (98%)
[CI Progress] Rate: ~5 tests/minute, ETA: 0 minutes
[CI Progress] Evaluation running for 34m 0s - Completed 164/165 tests (99%)
[CI Progress] Rate: ~5 tests/minute, ETA: 0 minutes
[Evaluation] ✓ Complete! 165/165 tests in 34m 2s
✓ Red team complete (ID: eval-usv-2026-04-10T00:51:51)

» View results: promptfoo view
» Share with your team: https://promptfoo.app
» Feedback: https://promptfoo.dev/feedback

Total Tokens: 711,584
  Probes: 281
  Eval: 376,524 (254,713 prompt, 121,811 completion)
  Grading: 335,060 (294,024 prompt, 41,036 completion)

Results:
  ✓ 74 passed (44.85%)
  ✗ 91 failed (55.15%)
  0 errors (0%)
Duration: 34m 3s (concurrency: 4)

Total scan time: 34m 23s (generation: 20s, evaluation: 34m 3s)

Red team scan complete!
To view the results, run promptfoo redteam report
