
> ai-redteam-lab-promptfoo@0.1.0 redteam:pipeline
> CI=true promptfoo redteam run -c redteam/promptfooconfig.pipeline.yaml

Generating test cases...
Cache is disabled
Synthesizing test cases for 1 prompt...
Using plugins:

ascii-smuggling (5 tests)
bfla (5 tests)
bola (5 tests)
cyberseceval (5 tests)
hijacking (5 tests)
pii:direct (5 tests)
policy (5 tests)The assistant must never: 1. Reveal HR records (name, salary, manager_...
rag-document-exfiltration (5 tests)
rbac (5 tests)

Using strategies:

base64 (45 additional tests)
jailbreak-templates (45 additional tests)
jailbreak:meta (45 additional tests)

Test Generation Summary:
• Total tests: 180
• Plugin tests: 45
• Plugins: 9
• Strategies: 3
• Max concurrency: 4



Test Generation Report:
┌─────┬──────────┬────────────────────────────────────────┬────────────┬────────────┬──────────────┐
│ #   │ Type     │ ID                                     │ Requested  │ Generated  │ Status       │
├─────┼──────────┼────────────────────────────────────────┼────────────┼────────────┼──────────────┤
│ 1   │ Plugin   │ ascii-smuggling                        │ 5          │ 5          │ Success      │
├─────┼──────────┼────────────────────────────────────────┼────────────┼────────────┼──────────────┤
│ 2   │ Plugin   │ bfla                                   │ 5          │ 5          │ Success      │
├─────┼──────────┼────────────────────────────────────────┼────────────┼────────────┼──────────────┤
│ 3   │ Plugin   │ bola                                   │ 5          │ 5          │ Success      │
├─────┼──────────┼────────────────────────────────────────┼────────────┼────────────┼──────────────┤
│ 4   │ Plugin   │ cyberseceval                           │ 5          │ 5          │ Success      │
├─────┼──────────┼────────────────────────────────────────┼────────────┼────────────┼──────────────┤
│ 5   │ Plugin   │ hijacking                              │ 5          │ 5          │ Success      │
├─────┼──────────┼────────────────────────────────────────┼────────────┼────────────┼──────────────┤
│ 6   │ Plugin   │ pii:direct                             │ 5          │ 5          │ Success      │
├─────┼──────────┼────────────────────────────────────────┼────────────┼────────────┼──────────────┤
│ 7   │ Plugin   │ policy [ef64c8aadc87]: The assistant … │ 5          │ 5          │ Success      │
├─────┼──────────┼────────────────────────────────────────┼────────────┼────────────┼──────────────┤
│ 8   │ Plugin   │ rag-document-exfiltration              │ 5          │ 5          │ Success      │
├─────┼──────────┼────────────────────────────────────────┼────────────┼────────────┼──────────────┤
│ 9   │ Plugin   │ rbac                                   │ 5          │ 5          │ Success      │
├─────┼──────────┼────────────────────────────────────────┼────────────┼────────────┼──────────────┤
│ 10  │ Strategy │ base64                                 │ 40         │ 40         │ Success      │
├─────┼──────────┼────────────────────────────────────────┼────────────┼────────────┼──────────────┤
│ 11  │ Strategy │ jailbreak-templates                    │ 40         │ 40         │ Success      │
├─────┼──────────┼────────────────────────────────────────┼────────────┼────────────┼──────────────┤
│ 12  │ Strategy │ jailbreak:meta                         │ 40         │ 40         │ Success      │
└─────┴──────────┴────────────────────────────────────────┴────────────┴────────────┴──────────────┘
========================================================================================================================
Wrote 165 test cases to redteam/redteam.yaml
========================================================================================================================
Running scan...
Starting evaluation eval-h30-2026-04-10T03:08:13
[Evaluation] Starting 165 test cases...
Running 165 test cases (up to 4 at a time)...
[CI Progress] Evaluation running for 30s - Completed 5/165 tests (3%)
[CI Progress] Rate: ~10 tests/minute, ETA: 16 minutes
[CI Progress] Evaluation running for 1m 0s - Completed 8/165 tests (4%)
[CI Progress] Rate: ~8 tests/minute, ETA: 20 minutes
[CI Progress] Evaluation running for 1m 30s - Completed 10/165 tests (6%)
[CI Progress] Rate: ~7 tests/minute, ETA: 23 minutes
[CI Progress] Evaluation running for 2m 0s - Completed 14/165 tests (8%)
[CI Progress] Rate: ~7 tests/minute, ETA: 22 minutes
[CI Progress] Evaluation running for 2m 30s - Completed 17/165 tests (10%)
[CI Progress] Rate: ~7 tests/minute, ETA: 22 minutes
[CI Progress] Evaluation running for 3m 0s - Completed 20/165 tests (12%)
[CI Progress] Rate: ~7 tests/minute, ETA: 22 minutes
[CI Progress] Evaluation running for 3m 30s - Completed 24/165 tests (14%)
[CI Progress] Rate: ~7 tests/minute, ETA: 21 minutes
[CI Progress] Evaluation running for 4m 0s - Completed 28/165 tests (16%)
[CI Progress] Rate: ~7 tests/minute, ETA: 20 minutes
[CI Progress] Evaluation running for 4m 30s - Completed 32/165 tests (19%)
[CI Progress] Rate: ~7 tests/minute, ETA: 19 minutes
[CI Progress] Evaluation running for 5m 0s - Completed 36/165 tests (21%)
[CI Progress] Rate: ~7 tests/minute, ETA: 18 minutes
[CI Progress] Evaluation running for 5m 30s - Completed 40/165 tests (24%)
[CI Progress] Rate: ~7 tests/minute, ETA: 17 minutes
[Evaluation] ✓ 25% complete (42/165) - 5m 41s elapsed
[CI Progress] Evaluation running for 6m 0s - Completed 44/165 tests (26%)
[CI Progress] Rate: ~7 tests/minute, ETA: 17 minutes
[CI Progress] Evaluation running for 6m 30s - Completed 49/165 tests (29%)
[CI Progress] Rate: ~8 tests/minute, ETA: 15 minutes
[CI Progress] Evaluation running for 7m 0s - Completed 53/165 tests (32%)
[CI Progress] Rate: ~8 tests/minute, ETA: 15 minutes
[CI Progress] Evaluation running for 7m 30s - Completed 58/165 tests (35%)
[CI Progress] Rate: ~8 tests/minute, ETA: 14 minutes
[CI Progress] Evaluation running for 8m 0s - Completed 63/165 tests (38%)
[CI Progress] Rate: ~8 tests/minute, ETA: 13 minutes
[CI Progress] Evaluation running for 8m 30s - Completed 67/165 tests (40%)
[CI Progress] Rate: ~8 tests/minute, ETA: 12 minutes
[CI Progress] Evaluation running for 9m 0s - Completed 72/165 tests (43%)
[CI Progress] Rate: ~8 tests/minute, ETA: 12 minutes
[CI Progress] Evaluation running for 9m 30s - Completed 76/165 tests (46%)
[CI Progress] Rate: ~8 tests/minute, ETA: 11 minutes
[CI Progress] Evaluation running for 10m 0s - Completed 81/165 tests (49%)
[CI Progress] Rate: ~8 tests/minute, ETA: 10 minutes
[Evaluation] ✓ 50% complete (83/165) - 10m 9s elapsed
[CI Progress] Evaluation running for 10m 30s - Completed 86/165 tests (52%)
[CI Progress] Rate: ~8 tests/minute, ETA: 10 minutes
[CI Progress] Evaluation running for 11m 0s - Completed 88/165 tests (53%)
[CI Progress] Rate: ~8 tests/minute, ETA: 10 minutes
[CI Progress] Evaluation running for 11m 30s - Completed 90/165 tests (54%)
[CI Progress] Rate: ~8 tests/minute, ETA: 10 minutes
[CI Progress] Evaluation running for 12m 0s - Completed 93/165 tests (56%)
[CI Progress] Rate: ~8 tests/minute, ETA: 9 minutes
[CI Progress] Evaluation running for 12m 30s - Completed 98/165 tests (59%)
[CI Progress] Rate: ~8 tests/minute, ETA: 9 minutes
[CI Progress] Evaluation running for 13m 0s - Completed 103/165 tests (62%)
[CI Progress] Rate: ~8 tests/minute, ETA: 8 minutes
[CI Progress] Evaluation running for 13m 30s - Completed 106/165 tests (64%)
[CI Progress] Rate: ~8 tests/minute, ETA: 8 minutes
[CI Progress] Evaluation running for 14m 0s - Completed 112/165 tests (67%)
[CI Progress] Rate: ~8 tests/minute, ETA: 7 minutes
[CI Progress] Evaluation running for 14m 30s - Completed 117/165 tests (70%)
[CI Progress] Rate: ~8 tests/minute, ETA: 6 minutes
[CI Progress] Evaluation running for 15m 0s - Completed 123/165 tests (74%)
[CI Progress] Rate: ~8 tests/minute, ETA: 5 minutes
[Evaluation] ✓ 75% complete (124/165) - 15m 6s elapsed
[CI Progress] Evaluation running for 15m 30s - Completed 125/165 tests (75%)
[CI Progress] Rate: ~8 tests/minute, ETA: 5 minutes
[CI Progress] Evaluation running for 16m 0s - Completed 125/165 tests (75%)
[CI Progress] Rate: ~8 tests/minute, ETA: 5 minutes
[CI Progress] Evaluation running for 16m 30s - Completed 125/165 tests (75%)
[CI Progress] Rate: ~8 tests/minute, ETA: 5 minutes
[CI Progress] Evaluation running for 17m 0s - Completed 125/165 tests (75%)
[CI Progress] Rate: ~7 tests/minute, ETA: 5 minutes
[CI Progress] Evaluation running for 17m 30s - Completed 125/165 tests (75%)
[CI Progress] Rate: ~7 tests/minute, ETA: 6 minutes
[CI Progress] Evaluation running for 18m 0s - Completed 125/165 tests (75%)
[CI Progress] Rate: ~7 tests/minute, ETA: 6 minutes
[CI Progress] Evaluation running for 18m 30s - Completed 125/165 tests (75%)
[CI Progress] Rate: ~7 tests/minute, ETA: 6 minutes
[CI Progress] Evaluation running for 19m 0s - Completed 126/165 tests (76%)
[CI Progress] Rate: ~7 tests/minute, ETA: 6 minutes
[CI Progress] Evaluation running for 19m 30s - Completed 128/165 tests (77%)
[CI Progress] Rate: ~7 tests/minute, ETA: 6 minutes
[CI Progress] Evaluation running for 20m 0s - Completed 128/165 tests (77%)
[CI Progress] Rate: ~6 tests/minute, ETA: 6 minutes
[CI Progress] Evaluation running for 20m 30s - Completed 128/165 tests (77%)
[CI Progress] Rate: ~6 tests/minute, ETA: 6 minutes
[CI Progress] Evaluation running for 21m 0s - Completed 129/165 tests (78%)
[CI Progress] Rate: ~6 tests/minute, ETA: 6 minutes
[CI Progress] Evaluation running for 21m 30s - Completed 129/165 tests (78%)
[CI Progress] Rate: ~6 tests/minute, ETA: 6 minutes
[CI Progress] Evaluation running for 22m 0s - Completed 129/165 tests (78%)
[CI Progress] Rate: ~6 tests/minute, ETA: 6 minutes
[CI Progress] Evaluation running for 22m 30s - Completed 129/165 tests (78%)
[CI Progress] Rate: ~6 tests/minute, ETA: 6 minutes
[CI Progress] Evaluation running for 23m 0s - Completed 129/165 tests (78%)
[CI Progress] Rate: ~6 tests/minute, ETA: 6 minutes
[CI Progress] Evaluation running for 23m 30s - Completed 129/165 tests (78%)
[CI Progress] Rate: ~5 tests/minute, ETA: 7 minutes
[CI Progress] Evaluation running for 24m 0s - Completed 129/165 tests (78%)
[CI Progress] Rate: ~5 tests/minute, ETA: 7 minutes
[CI Progress] Evaluation running for 24m 30s - Completed 130/165 tests (78%)
[CI Progress] Rate: ~5 tests/minute, ETA: 7 minutes
[CI Progress] Evaluation running for 25m 0s - Completed 130/165 tests (78%)
[CI Progress] Rate: ~5 tests/minute, ETA: 7 minutes
[CI Progress] Evaluation running for 25m 30s - Completed 130/165 tests (78%)
[CI Progress] Rate: ~5 tests/minute, ETA: 7 minutes
[CI Progress] Evaluation running for 26m 0s - Completed 131/165 tests (79%)
[CI Progress] Rate: ~5 tests/minute, ETA: 7 minutes
[CI Progress] Evaluation running for 26m 30s - Completed 132/165 tests (80%)
[CI Progress] Rate: ~5 tests/minute, ETA: 7 minutes
[CI Progress] Evaluation running for 27m 0s - Completed 133/165 tests (80%)
[CI Progress] Rate: ~5 tests/minute, ETA: 6 minutes
[CI Progress] Evaluation running for 27m 30s - Completed 133/165 tests (80%)
[CI Progress] Rate: ~5 tests/minute, ETA: 7 minutes
[CI Progress] Evaluation running for 28m 0s - Completed 133/165 tests (80%)
[CI Progress] Rate: ~5 tests/minute, ETA: 7 minutes
[CI Progress] Evaluation running for 28m 30s - Completed 133/165 tests (80%)
[CI Progress] Rate: ~5 tests/minute, ETA: 7 minutes
[CI Progress] Evaluation running for 29m 0s - Completed 133/165 tests (80%)
[CI Progress] Rate: ~5 tests/minute, ETA: 7 minutes
[CI Progress] Evaluation running for 29m 30s - Completed 133/165 tests (80%)
[CI Progress] Rate: ~5 tests/minute, ETA: 7 minutes
[CI Progress] Evaluation running for 30m 0s - Completed 134/165 tests (81%)
[CI Progress] Rate: ~4 tests/minute, ETA: 7 minutes
[CI Progress] Evaluation running for 30m 30s - Completed 134/165 tests (81%)
[CI Progress] Rate: ~4 tests/minute, ETA: 7 minutes
[CI Progress] Evaluation running for 31m 0s - Completed 135/165 tests (81%)
[CI Progress] Rate: ~4 tests/minute, ETA: 7 minutes
[CI Progress] Evaluation running for 31m 30s - Completed 136/165 tests (82%)
[CI Progress] Rate: ~4 tests/minute, ETA: 7 minutes
[CI Progress] Evaluation running for 32m 0s - Completed 137/165 tests (83%)
[CI Progress] Rate: ~4 tests/minute, ETA: 7 minutes
[CI Progress] Evaluation running for 32m 30s - Completed 137/165 tests (83%)
[CI Progress] Rate: ~4 tests/minute, ETA: 7 minutes
[CI Progress] Evaluation running for 33m 0s - Completed 137/165 tests (83%)
[CI Progress] Rate: ~4 tests/minute, ETA: 7 minutes
[CI Progress] Evaluation running for 33m 30s - Completed 137/165 tests (83%)
[CI Progress] Rate: ~4 tests/minute, ETA: 7 minutes
[CI Progress] Evaluation running for 34m 0s - Completed 137/165 tests (83%)
[CI Progress] Rate: ~4 tests/minute, ETA: 7 minutes
[CI Progress] Evaluation running for 34m 30s - Completed 137/165 tests (83%)
[CI Progress] Rate: ~4 tests/minute, ETA: 7 minutes
[CI Progress] Evaluation running for 35m 0s - Completed 138/165 tests (83%)
[CI Progress] Rate: ~4 tests/minute, ETA: 7 minutes
[CI Progress] Evaluation running for 35m 30s - Completed 138/165 tests (83%)
[CI Progress] Rate: ~4 tests/minute, ETA: 7 minutes
[CI Progress] Evaluation running for 36m 0s - Completed 140/165 tests (84%)
[CI Progress] Rate: ~4 tests/minute, ETA: 6 minutes
[CI Progress] Evaluation running for 36m 30s - Completed 140/165 tests (84%)
[CI Progress] Rate: ~4 tests/minute, ETA: 7 minutes
[CI Progress] Evaluation running for 37m 0s - Completed 141/165 tests (85%)
[CI Progress] Rate: ~4 tests/minute, ETA: 6 minutes
[CI Progress] Evaluation running for 37m 30s - Completed 141/165 tests (85%)
[CI Progress] Rate: ~4 tests/minute, ETA: 6 minutes
[CI Progress] Evaluation running for 38m 0s - Completed 141/165 tests (85%)
[CI Progress] Rate: ~4 tests/minute, ETA: 6 minutes
[CI Progress] Evaluation running for 38m 30s - Completed 141/165 tests (85%)
[CI Progress] Rate: ~4 tests/minute, ETA: 7 minutes
[CI Progress] Evaluation running for 39m 0s - Completed 141/165 tests (85%)
[CI Progress] Rate: ~4 tests/minute, ETA: 7 minutes
[CI Progress] Evaluation running for 39m 30s - Completed 142/165 tests (86%)
[CI Progress] Rate: ~4 tests/minute, ETA: 6 minutes
[CI Progress] Evaluation running for 40m 0s - Completed 142/165 tests (86%)
[CI Progress] Rate: ~4 tests/minute, ETA: 6 minutes
[CI Progress] Evaluation running for 40m 30s - Completed 143/165 tests (86%)
[CI Progress] Rate: ~4 tests/minute, ETA: 6 minutes
[CI Progress] Evaluation running for 41m 0s - Completed 144/165 tests (87%)
[CI Progress] Rate: ~4 tests/minute, ETA: 6 minutes
[CI Progress] Evaluation running for 41m 30s - Completed 145/165 tests (87%)
[CI Progress] Rate: ~3 tests/minute, ETA: 6 minutes
[CI Progress] Evaluation running for 42m 0s - Completed 145/165 tests (87%)
[CI Progress] Rate: ~3 tests/minute, ETA: 6 minutes
[CI Progress] Evaluation running for 42m 30s - Completed 145/165 tests (87%)
[CI Progress] Rate: ~3 tests/minute, ETA: 6 minutes
[CI Progress] Evaluation running for 43m 0s - Completed 145/165 tests (87%)
[CI Progress] Rate: ~3 tests/minute, ETA: 6 minutes
[CI Progress] Evaluation running for 43m 30s - Completed 145/165 tests (87%)
[CI Progress] Rate: ~3 tests/minute, ETA: 6 minutes
[CI Progress] Evaluation running for 44m 0s - Completed 145/165 tests (87%)
[CI Progress] Rate: ~3 tests/minute, ETA: 6 minutes
[CI Progress] Evaluation running for 44m 30s - Completed 146/165 tests (88%)
[CI Progress] Rate: ~3 tests/minute, ETA: 6 minutes
[CI Progress] Evaluation running for 45m 0s - Completed 147/165 tests (89%)
[CI Progress] Rate: ~3 tests/minute, ETA: 6 minutes
[CI Progress] Evaluation running for 45m 30s - Completed 148/165 tests (89%)
[CI Progress] Rate: ~3 tests/minute, ETA: 5 minutes
[CI Progress] Evaluation running for 46m 0s - Completed 148/165 tests (89%)
[CI Progress] Rate: ~3 tests/minute, ETA: 5 minutes
[CI Progress] Evaluation running for 46m 30s - Completed 148/165 tests (89%)
[CI Progress] Rate: ~3 tests/minute, ETA: 5 minutes
[CI Progress] Evaluation running for 47m 0s - Completed 149/165 tests (90%)
[CI Progress] Rate: ~3 tests/minute, ETA: 5 minutes
[CI Progress] Evaluation running for 47m 30s - Completed 149/165 tests (90%)
[CI Progress] Rate: ~3 tests/minute, ETA: 5 minutes
[CI Progress] Evaluation running for 48m 0s - Completed 149/165 tests (90%)
[CI Progress] Rate: ~3 tests/minute, ETA: 5 minutes
[CI Progress] Evaluation running for 48m 30s - Completed 149/165 tests (90%)
[CI Progress] Rate: ~3 tests/minute, ETA: 5 minutes
[CI Progress] Evaluation running for 49m 0s - Completed 149/165 tests (90%)
[CI Progress] Rate: ~3 tests/minute, ETA: 5 minutes
[CI Progress] Evaluation running for 49m 30s - Completed 149/165 tests (90%)
[CI Progress] Rate: ~3 tests/minute, ETA: 5 minutes
[CI Progress] Evaluation running for 50m 0s - Completed 150/165 tests (90%)
[CI Progress] Rate: ~3 tests/minute, ETA: 5 minutes
[CI Progress] Evaluation running for 50m 30s - Completed 151/165 tests (91%)
[CI Progress] Rate: ~3 tests/minute, ETA: 5 minutes
[CI Progress] Evaluation running for 51m 0s - Completed 151/165 tests (91%)
[CI Progress] Rate: ~3 tests/minute, ETA: 5 minutes
[CI Progress] Evaluation running for 51m 30s - Completed 152/165 tests (92%)
[CI Progress] Rate: ~3 tests/minute, ETA: 4 minutes
[CI Progress] Evaluation running for 52m 0s - Completed 152/165 tests (92%)
[CI Progress] Rate: ~3 tests/minute, ETA: 4 minutes
[CI Progress] Evaluation running for 52m 30s - Completed 153/165 tests (92%)
[CI Progress] Rate: ~3 tests/minute, ETA: 4 minutes
[CI Progress] Evaluation running for 53m 0s - Completed 153/165 tests (92%)
[CI Progress] Rate: ~3 tests/minute, ETA: 4 minutes
[CI Progress] Evaluation running for 53m 30s - Completed 153/165 tests (92%)
[CI Progress] Rate: ~3 tests/minute, ETA: 4 minutes
[CI Progress] Evaluation running for 54m 0s - Completed 153/165 tests (92%)
[CI Progress] Rate: ~3 tests/minute, ETA: 4 minutes
[CI Progress] Evaluation running for 54m 30s - Completed 153/165 tests (92%)
[CI Progress] Rate: ~3 tests/minute, ETA: 4 minutes
[CI Progress] Evaluation running for 55m 0s - Completed 153/165 tests (92%)
[CI Progress] Rate: ~3 tests/minute, ETA: 4 minutes
[CI Progress] Evaluation running for 55m 30s - Completed 154/165 tests (93%)
[CI Progress] Rate: ~3 tests/minute, ETA: 4 minutes
[CI Progress] Evaluation running for 56m 0s - Completed 155/165 tests (93%)
[CI Progress] Rate: ~3 tests/minute, ETA: 4 minutes
[CI Progress] Evaluation running for 56m 30s - Completed 155/165 tests (93%)
[CI Progress] Rate: ~3 tests/minute, ETA: 4 minutes
[CI Progress] Evaluation running for 57m 0s - Completed 155/165 tests (93%)
[CI Progress] Rate: ~3 tests/minute, ETA: 4 minutes
[CI Progress] Evaluation running for 57m 30s - Completed 156/165 tests (94%)
[CI Progress] Rate: ~3 tests/minute, ETA: 3 minutes
[CI Progress] Evaluation running for 58m 0s - Completed 157/165 tests (95%)
[CI Progress] Rate: ~3 tests/minute, ETA: 3 minutes
[CI Progress] Evaluation running for 58m 30s - Completed 157/165 tests (95%)
[CI Progress] Rate: ~3 tests/minute, ETA: 3 minutes
[CI Progress] Evaluation running for 59m 0s - Completed 157/165 tests (95%)
[CI Progress] Rate: ~3 tests/minute, ETA: 3 minutes
[CI Progress] Evaluation running for 59m 30s - Completed 157/165 tests (95%)
[CI Progress] Rate: ~3 tests/minute, ETA: 3 minutes
[CI Progress] Evaluation running for 60m 0s - Completed 157/165 tests (95%)
[CI Progress] Rate: ~3 tests/minute, ETA: 3 minutes
[CI Progress] Evaluation running for 60m 30s - Completed 157/165 tests (95%)
[CI Progress] Rate: ~3 tests/minute, ETA: 3 minutes
[CI Progress] Evaluation running for 61m 0s - Completed 158/165 tests (95%)
[CI Progress] Rate: ~3 tests/minute, ETA: 3 minutes
[CI Progress] Evaluation running for 61m 30s - Completed 159/165 tests (96%)
[CI Progress] Rate: ~3 tests/minute, ETA: 2 minutes
[CI Progress] Evaluation running for 62m 0s - Completed 159/165 tests (96%)
[CI Progress] Rate: ~3 tests/minute, ETA: 2 minutes
[CI Progress] Evaluation running for 62m 30s - Completed 160/165 tests (96%)
[CI Progress] Rate: ~3 tests/minute, ETA: 2 minutes
[CI Progress] Evaluation running for 63m 0s - Completed 161/165 tests (97%)
[CI Progress] Rate: ~3 tests/minute, ETA: 2 minutes
[CI Progress] Evaluation running for 63m 30s - Completed 161/165 tests (97%)
[CI Progress] Rate: ~3 tests/minute, ETA: 2 minutes
[CI Progress] Evaluation running for 64m 0s - Completed 161/165 tests (97%)
[CI Progress] Rate: ~3 tests/minute, ETA: 2 minutes
[CI Progress] Evaluation running for 64m 30s - Completed 161/165 tests (97%)
[CI Progress] Rate: ~2 tests/minute, ETA: 2 minutes
[CI Progress] Evaluation running for 65m 0s - Completed 161/165 tests (97%)
[CI Progress] Rate: ~2 tests/minute, ETA: 2 minutes
[CI Progress] Evaluation running for 65m 30s - Completed 163/165 tests (98%)
[CI Progress] Rate: ~2 tests/minute, ETA: 1 minute
[CI Progress] Evaluation running for 66m 0s - Completed 163/165 tests (98%)
[CI Progress] Rate: ~2 tests/minute, ETA: 1 minute
[CI Progress] Evaluation running for 66m 30s - Completed 163/165 tests (98%)
[CI Progress] Rate: ~2 tests/minute, ETA: 1 minute
[CI Progress] Evaluation running for 67m 0s - Completed 164/165 tests (99%)
[CI Progress] Rate: ~2 tests/minute, ETA: 0 minutes
[Evaluation] ✓ Complete! 165/165 tests in 67m 16s
✓ Red team complete (ID: eval-h30-2026-04-10T03:08:13)

» View results: promptfoo view
» Share with your team: https://promptfoo.app
» Feedback: https://promptfoo.dev/feedback

Total Tokens: 1,769,932
  Probes: 525
  Eval: 1,319,096 (1,040,913 prompt, 278,183 completion)
  Grading: 450,836 (413,032 prompt, 37,804 completion)

Results:
  ✓ 130 passed (78.79%)
  ✗ 35 failed (21.21%)
  0 errors (0%)
Duration: 1h 7m 16s (concurrency: 4)

Total scan time: 1h 7m 35s (generation: 19s, evaluation: 1h 7m 16s)

Red team scan complete!
To view the results, run promptfoo redteam report
